<?xml version="1.0" encoding="UTF-8"?>
<testsuite name="com.example.management.ManagementApplicationTests" tests="1" skipped="0" failures="0" errors="0" timestamp="2026-02-20T00:12:18" hostname="RubenS" time="1.984">
  <properties/>
  <testcase name="contextLoads()" classname="com.example.management.ManagementApplicationTests" time="1.984"/>
  <system-out><![CDATA[19:12:01.378 [Test worker] INFO org.springframework.test.context.support.AnnotationConfigContextLoaderUtils -- Could not detect default configuration classes for test class [com.example.management.ManagementApplicationTests]: ManagementApplicationTests does not declare any static, non-private, non-final, nested classes annotated with @Configuration.
19:12:02.112 [Test worker] INFO org.springframework.boot.test.context.SpringBootTestContextBootstrapper -- Found @SpringBootConfiguration com.example.management.ManagementApplication for test class com.example.management.ManagementApplicationTests

  .   ____          _            __ _ _
 /\\ / ___'_ __ _ _(_)_ __  __ _ \ \ \ \
( ( )\___ | '_ | '_| | '_ \/ _` | \ \ \ \
 \\/  ___)| |_)| | | | | || (_| |  ) ) ) )
  '  |____| .__|_| |_|_| |_\__, | / / / /
 =========|_|==============|___/=/_/_/_/
 :: Spring Boot ::                (v3.2.5)

2026-02-19T19:12:04.647-05:00  INFO 38964 --- [management] [    Test worker] c.e.m.ManagementApplicationTests         : Starting ManagementApplicationTests using Java 17.0.18 with PID 38964 (started by root in /root/agent_code_generator/workspaces/order_management_workspace/order-management_v8)
2026-02-19T19:12:04.651-05:00  INFO 38964 --- [management] [    Test worker] c.e.m.ManagementApplicationTests         : The following 1 profile is active: "test"
2026-02-19T19:12:07.422-05:00  INFO 38964 --- [management] [    Test worker] .s.d.r.c.RepositoryConfigurationDelegate : Bootstrapping Spring Data JPA repositories in DEFAULT mode.
2026-02-19T19:12:07.651-05:00  INFO 38964 --- [management] [    Test worker] .s.d.r.c.RepositoryConfigurationDelegate : Finished Spring Data repository scanning in 197 ms. Found 1 JPA repository interface.
2026-02-19T19:12:09.526-05:00  INFO 38964 --- [management] [    Test worker] o.hibernate.jpa.internal.util.LogHelper  : HHH000204: Processing PersistenceUnitInfo [name: default]
2026-02-19T19:12:09.980-05:00  INFO 38964 --- [management] [    Test worker] org.hibernate.Version                    : HHH000412: Hibernate ORM core version 6.4.4.Final
2026-02-19T19:12:10.201-05:00  INFO 38964 --- [management] [    Test worker] o.h.c.internal.RegionFactoryInitiator    : HHH000026: Second-level cache disabled
2026-02-19T19:12:11.398-05:00  INFO 38964 --- [management] [    Test worker] o.s.o.j.p.SpringPersistenceUnitInfo      : No LoadTimeWeaver setup: ignoring JPA class transformer
2026-02-19T19:12:11.508-05:00  INFO 38964 --- [management] [    Test worker] com.zaxxer.hikari.HikariDataSource       : HikariPool-1 - Starting...
2026-02-19T19:12:12.385-05:00  INFO 38964 --- [management] [    Test worker] com.zaxxer.hikari.pool.HikariPool        : HikariPool-1 - Added connection conn0: url=jdbc:h2:mem:testdb user=SA
2026-02-19T19:12:12.392-05:00  INFO 38964 --- [management] [    Test worker] com.zaxxer.hikari.HikariDataSource       : HikariPool-1 - Start completed.
2026-02-19T19:12:12.586-05:00  WARN 38964 --- [management] [    Test worker] org.hibernate.orm.deprecation            : HHH90000025: H2Dialect does not need to be specified explicitly using 'hibernate.dialect' (remove the property setting and it will be selected by default)
2026-02-19T19:12:15.487-05:00  INFO 38964 --- [management] [    Test worker] o.h.e.t.j.p.i.JtaPlatformInitiator       : HHH000489: No JTA platform available (set 'hibernate.transaction.jta.platform' to enable JTA platform integration)
2026-02-19T19:12:15.612-05:00  INFO 38964 --- [management] [    Test worker] j.LocalContainerEntityManagerFactoryBean : Initialized JPA EntityManagerFactory for persistence unit 'default'
2026-02-19T19:12:16.995-05:00  WARN 38964 --- [management] [    Test worker] JpaBaseConfiguration$JpaWebConfiguration : spring.jpa.open-in-view is enabled by default. Therefore, database queries may be performed during view rendering. Explicitly configure spring.jpa.open-in-view to disable this warning
2026-02-19T19:12:18.219-05:00  INFO 38964 --- [management] [    Test worker] c.e.m.ManagementApplicationTests         : Started ManagementApplicationTests in 15.119 seconds (process running for 19.817)
]]></system-out>
  <system-err><![CDATA[]]></system-err>
</testsuite>
