<?xml version="1.0" encoding="UTF-8"?>
<testsuite name="com.example.management.infrastructure.adapters.in.web.OrderControllerTest" tests="5" skipped="0" failures="0" errors="0" timestamp="2026-02-20T00:24:45" hostname="RubenS" time="1.024">
  <properties/>
  <testcase name="payOrder_whenNotExists_returns404()" classname="com.example.management.infrastructure.adapters.in.web.OrderControllerTest" time="0.313"/>
  <testcase name="payOrder_whenExists_returns200AndBody()" classname="com.example.management.infrastructure.adapters.in.web.OrderControllerTest" time="0.194"/>
  <testcase name="createOrder_validRequest_returns201AndBody()" classname="com.example.management.infrastructure.adapters.in.web.OrderControllerTest" time="0.431"/>
  <testcase name="getOrder_whenExists_returns200AndBody()" classname="com.example.management.infrastructure.adapters.in.web.OrderControllerTest" time="0.041"/>
  <testcase name="getOrder_whenNotExists_returns404()" classname="com.example.management.infrastructure.adapters.in.web.OrderControllerTest" time="0.02"/>
  <system-out><![CDATA[2026-02-19T19:24:44.754-05:00  INFO 46839 --- [management] [    Test worker] t.c.s.AnnotationConfigContextLoaderUtils : Could not detect default configuration classes for test class [com.example.management.infrastructure.adapters.in.web.OrderControllerTest]: OrderControllerTest does not declare any static, non-private, non-final, nested classes annotated with @Configuration.
2026-02-19T19:24:44.893-05:00  INFO 46839 --- [management] [    Test worker] .b.t.c.SpringBootTestContextBootstrapper : Found @SpringBootConfiguration com.example.management.ManagementApplication for test class com.example.management.infrastructure.adapters.in.web.OrderControllerTest

  .   ____          _            __ _ _
 /\\ / ___'_ __ _ _(_)_ __  __ _ \ \ \ \
( ( )\___ | '_ | '_| | '_ \/ _` | \ \ \ \
 \\/  ___)| |_)| | | | | || (_| |  ) ) ) )
  '  |____| .__|_| |_|_| |_\__, | / / / /
 =========|_|==============|___/=/_/_/_/
 :: Spring Boot ::                (v3.2.5)

2026-02-19T19:24:44.977-05:00  INFO 46839 --- [management] [    Test worker] c.e.m.i.a.in.web.OrderControllerTest     : Starting OrderControllerTest using Java 17.0.18 with PID 46839 (started by root in /root/agent_code_generator/workspaces/order_management_workspace/order-management_v8)
2026-02-19T19:24:44.978-05:00  INFO 46839 --- [management] [    Test worker] c.e.m.i.a.in.web.OrderControllerTest     : The following 1 profile is active: "dev"
2026-02-19T19:24:45.821-05:00  INFO 46839 --- [management] [    Test worker] o.s.b.t.m.w.SpringBootMockServletContext : Initializing Spring TestDispatcherServlet ''
2026-02-19T19:24:45.822-05:00  INFO 46839 --- [management] [    Test worker] o.s.t.web.servlet.TestDispatcherServlet  : Initializing Servlet ''
2026-02-19T19:24:45.830-05:00  INFO 46839 --- [management] [    Test worker] o.s.t.web.servlet.TestDispatcherServlet  : Completed initialization in 3 ms
2026-02-19T19:24:45.846-05:00  INFO 46839 --- [management] [    Test worker] c.e.m.i.a.in.web.OrderControllerTest     : Started OrderControllerTest in 0.945 seconds (process running for 20.282)
]]></system-out>
  <system-err><![CDATA[]]></system-err>
</testsuite>
