<?xml version="1.0" encoding="UTF-8"?>
<testsuite name="com.example.management.domain.model.MoneyTest" tests="7" skipped="0" failures="0" errors="0" timestamp="2026-02-20T00:06:04" hostname="RubenS" time="0.179">
  <properties/>
  <testcase name="add_sameCurrency_returnsSum()" classname="com.example.management.domain.model.MoneyTest" time="0.088"/>
  <testcase name="equals_sameAmountAndCurrency_areEqual()" classname="com.example.management.domain.model.MoneyTest" time="0.009"/>
  <testcase name="subtract_sameCurrency_returnsDifference()" classname="com.example.management.domain.model.MoneyTest" time="0.003"/>
  <testcase name="add_differentCurrency_throwsCurrencyMismatchException()" classname="com.example.management.domain.model.MoneyTest" time="0.033"/>
  <testcase name="multiply_returnsScaledAmount()" classname="com.example.management.domain.model.MoneyTest" time="0.003"/>
  <testcase name="subtract_differentCurrency_throwsCurrencyMismatchException()" classname="com.example.management.domain.model.MoneyTest" time="0.004"/>
  <testcase name="defaultCurrency_isUsd()" classname="com.example.management.domain.model.MoneyTest" time="0.003"/>
  <system-out><![CDATA[]]></system-out>
  <system-err><![CDATA[]]></system-err>
</testsuite>
