<?xml version="1.0" encoding="UTF-8"?>
<testsuite name="com.example.management.domain.model.OrderItemTest" tests="6" skipped="0" failures="0" errors="0" timestamp="2026-02-20T00:06:04" hostname="RubenS" time="0.061">
  <properties/>
  <testcase name="create_negativeUnitPrice_throwsInvalidItemException()" classname="com.example.management.domain.model.OrderItemTest" time="0.013"/>
  <testcase name="create_quantityNegative_throwsInvalidItemException()" classname="com.example.management.domain.model.OrderItemTest" time="0.01"/>
  <testcase name="create_quantityZero_throwsInvalidItemException()" classname="com.example.management.domain.model.OrderItemTest" time="0.007"/>
  <testcase name="create_validQuantityAndPrice_succeeds()" classname="com.example.management.domain.model.OrderItemTest" time="0.004"/>
  <testcase name="lineTotal_returnsUnitPriceTimesQuantity()" classname="com.example.management.domain.model.OrderItemTest" time="0.002"/>
  <testcase name="create_zeroUnitPrice_succeeds()" classname="com.example.management.domain.model.OrderItemTest" time="0.004"/>
  <system-out><![CDATA[]]></system-out>
  <system-err><![CDATA[]]></system-err>
</testsuite>
