<?xml version="1.0" encoding="UTF-8"?>
<testsuite name="com.example.management.domain.model.OrderTest" tests="10" skipped="0" failures="0" errors="0" timestamp="2026-02-20T00:24:44" hostname="RubenS" time="0.043">
  <properties/>
  <testcase name="markAsShipped_whenPending_throwsInvalidOrderStateException()" classname="com.example.management.domain.model.OrderTest" time="0.002"/>
  <testcase name="cancel_whenShipped_throwsInvalidOrderStateException()" classname="com.example.management.domain.model.OrderTest" time="0.003"/>
  <testcase name="create_emptyItems_throws()" classname="com.example.management.domain.model.OrderTest" time="0.002"/>
  <testcase name="markAsPaid_totalAtLeast10Usd_succeeds()" classname="com.example.management.domain.model.OrderTest" time="0.002"/>
  <testcase name="create_totalIsSumOfLineTotals()" classname="com.example.management.domain.model.OrderTest" time="0.002"/>
  <testcase name="create_withOneItem_setsTotalAndStatusPending()" classname="com.example.management.domain.model.OrderTest" time="0.002"/>
  <testcase name="cancel_whenPending_succeeds()" classname="com.example.management.domain.model.OrderTest" time="0.007"/>
  <testcase name="markAsPaid_totalLessThan10Usd_throwsInvalidOrderStateException()" classname="com.example.management.domain.model.OrderTest" time="0.003"/>
  <testcase name="markAsShipped_whenPaid_succeeds()" classname="com.example.management.domain.model.OrderTest" time="0.002"/>
  <testcase name="cancel_whenPaid_succeeds()" classname="com.example.management.domain.model.OrderTest" time="0.002"/>
  <system-out><![CDATA[]]></system-out>
  <system-err><![CDATA[]]></system-err>
</testsuite>
